<?xml version="1.0" encoding="UTF-8"?>
<testng-results skipped="0" failed="0" ignored="0" total="2" passed="2">
  <reporter-output>
  </reporter-output>
  <suite name="Default suite" duration-ms="52258" started-at="2020-04-13T11:00:33Z" finished-at="2020-04-13T11:01:25Z">
    <groups>
    </groups>
    <test name="Default test" duration-ms="52258" started-at="2020-04-13T11:00:33Z" finished-at="2020-04-13T11:01:25Z">
      <class name="tests.LoginTest">
        <test-method status="PASS" signature="launchBrowser()[pri:0, instance:tests.LoginTest@27c20538]" name="launchBrowser" is-config="true" duration-ms="14362" started-at="2020-04-13T11:00:33Z" finished-at="2020-04-13T11:00:47Z">
          <reporter-output>
          </reporter-output>
        </test-method> <!-- launchBrowser -->
        <test-method status="PASS" signature="loginTest()[pri:1, instance:tests.LoginTest@27c20538]" name="loginTest" duration-ms="16337" started-at="2020-04-13T11:00:47Z" finished-at="2020-04-13T11:01:04Z">
          <reporter-output>
          </reporter-output>
        </test-method> <!-- loginTest -->
        <test-method status="PASS" signature="tearDown()[pri:0, instance:tests.LoginTest@27c20538]" name="tearDown" is-config="true" duration-ms="133" started-at="2020-04-13T11:01:04Z" finished-at="2020-04-13T11:01:04Z">
          <reporter-output>
          </reporter-output>
        </test-method> <!-- tearDown -->
        <test-method status="PASS" signature="launchBrowser()[pri:0, instance:tests.LoginTest@27c20538]" name="launchBrowser" is-config="true" duration-ms="13699" started-at="2020-04-13T11:01:04Z" finished-at="2020-04-13T11:01:17Z">
          <reporter-output>
          </reporter-output>
        </test-method> <!-- launchBrowser -->
        <test-method status="PASS" signature="dilogBoxValidationTest()[pri:2, instance:tests.LoginTest@27c20538]" name="dilogBoxValidationTest" duration-ms="7395" started-at="2020-04-13T11:01:17Z" finished-at="2020-04-13T11:01:25Z">
          <reporter-output>
          </reporter-output>
        </test-method> <!-- dilogBoxValidationTest -->
        <test-method status="PASS" signature="tearDown()[pri:0, instance:tests.LoginTest@27c20538]" name="tearDown" is-config="true" duration-ms="280" started-at="2020-04-13T11:01:25Z" finished-at="2020-04-13T11:01:25Z">
          <reporter-output>
          </reporter-output>
        </test-method> <!-- tearDown -->
      </class> <!-- tests.LoginTest -->
    </test> <!-- Default test -->
  </suite> <!-- Default suite -->
</testng-results>
